[20:24:27] [ServerMain/INFO]: Building unoptimized datafixer
[20:24:28] [ServerMain/INFO]: Environment: authHost='https://authserver.mojang.com', accountsHost='https://api.mojang.com', sessionHost='https://sessionserver.mojang.com', servicesHost='https://api.minecraftservices.com', name='PROD'
[20:24:28] [ServerMain/INFO]: Found new data pack file/bukkit, loading it automatically
[20:24:29] [ServerMain/INFO]: Loaded 7 recipes
[20:24:30] [Server thread/INFO]: Starting minecraft server version 1.19.1
[20:24:30] [Server thread/INFO]: Loading properties
[20:24:30] [Server thread/INFO]: This server is running Paper version git-Paper-102 (MC: 1.19.1) (Implementing API version 1.19.1-R0.1-SNAPSHOT) (Git: e0486ae)
[20:24:30] [Server thread/INFO]: Server Ping Player Sample Count: 12
[20:24:30] [Server thread/INFO]: Using 4 threads for Netty based IO
[20:24:30] [Server thread/INFO]: Default game type: SURVIVAL
[20:24:30] [Server thread/INFO]: Generating keypair
[20:24:30] [Server thread/INFO]: Starting Minecraft server on *:25565
[20:24:30] [Server thread/INFO]: Using default channel type
[20:24:30] [Server thread/INFO]: Paper: Using Java 11 compression from Velocity.
[20:24:30] [Server thread/INFO]: Paper: Using Java cipher from Velocity.
[20:24:30] [Server thread/INFO]: Server permissions file permissions.yml is empty, ignoring it
[20:24:30] [Server thread/WARN]: **** SERVER IS RUNNING IN OFFLINE/INSECURE MODE!
[20:24:30] [Server thread/WARN]: The server will make no attempt to authenticate usernames. Beware.
[20:24:30] [Server thread/WARN]: While this makes the game possible to play without internet access, it also opens up the ability for hackers to connect with any username they choose.
[20:24:30] [Server thread/WARN]: To change this, set "online-mode" to "true" in the server.properties file.
[20:24:30] [Server thread/INFO]: Preparing level "world"
[20:24:40] [Server thread/INFO]: Preparing start region for dimension minecraft:overworld
[20:24:41] [Server thread/INFO]: Time elapsed: 299 ms
[20:24:41] [Server thread/INFO]: Preparing start region for dimension minecraft:the_nether
[20:24:41] [Worker-Main-4/INFO]: Preparing spawn area: 0%
[20:24:41] [Worker-Main-4/INFO]: Preparing spawn area: 0%
[20:24:41] [Server thread/INFO]: Time elapsed: 567 ms
[20:24:41] [Server thread/INFO]: Preparing start region for dimension minecraft:the_end
[20:24:42] [Server thread/INFO]: Time elapsed: 255 ms
[20:24:42] [Server thread/INFO]: Running delayed init tasks
[20:24:42] [Server thread/INFO]: Done (11.697s)! For help, type "help"
[20:24:42] [Server thread/INFO]: Timings Reset
[20:24:51] [Server thread/INFO]: Stopping the server
[20:24:52] [Server thread/INFO]: Stopping server
[20:24:52] [Server thread/INFO]: Saving players
[20:24:52] [Server thread/INFO]: Saving worlds
[20:24:54] [Server thread/INFO]: Saving chunks for level 'ServerLevel[world]'/minecraft:overworld
[20:24:55] [Server thread/INFO]: Saving chunks for level 'ServerLevel[world_nether]'/minecraft:the_nether
[20:24:55] [Server thread/INFO]: Saving chunks for level 'ServerLevel[world_the_end]'/minecraft:the_end
[20:24:55] [Server thread/INFO]: ThreadedAnvilChunkStorage (world): All chunks are saved
[20:24:55] [Server thread/INFO]: ThreadedAnvilChunkStorage (DIM-1): All chunks are saved
[20:24:55] [Server thread/INFO]: ThreadedAnvilChunkStorage (DIM1): All chunks are saved
[20:24:55] [Server thread/INFO]: ThreadedAnvilChunkStorage: All dimensions are saved
[20:24:55] [Server thread/INFO]: Flushing Chunk IO
[20:24:55] [Server thread/INFO]: Closing Thread Pool
[20:24:55] [Server thread/INFO]: Closing Server
